2022-10-21---sortArray---INFO---the sortarray method has run
2022-10-21---createTree---FINE------+inside first loop. Value added to Tree = 231
2022-10-21---createTree---FINE------+inside first loop. Value added to Tree = 436
2022-10-21---createTree---FINE------+inside first loop. Value added to Tree = 592
2022-10-21---createTree---FINE------+inside first loop. Value added to Tree = 9
2022-10-21---createTree---FINE------+inside first loop. Value added to Tree = 155
2022-10-21---sortArray---INFO---the sortarray method has run
2022-10-21---createTree---FINE------+inside first loop. Value added to Tree = 24
2022-10-21---createTree---FINE------+inside first loop. Value added to Tree = 947
2022-10-21---createTree---FINE------+inside first loop. Value added to Tree = 79
2022-10-21---createTree---FINE------+inside first loop. Value added to Tree = 676
2022-10-21---createTree---FINE------+inside first loop. Value added to Tree = 942
2022-10-21---inOrderTraverseTree---FINE------+Inserting value null at index 0
2022-10-21---inOrderTraverseTree---FINE------+Inserting value null at index 1
2022-10-21---inOrderTraverseTree---FINE------+Inserting value null at index 2
2022-10-21---inOrderTraverseTree---FINE------+Inserting value null at index 3
2022-10-21---inOrderTraverseTree---FINE------+Inserting value null at index 4
2022-10-21---inOrderTraverseTree---FINE------+Inserting value com.sparta.ms.sort_manager.model.algorithms.BinaryTreeSort$Node@4ee285c6 at index 5
2022-10-21---sortArray---INFO---the sortarray method has run
2022-10-21---createTree---FINE------+inside first loop. Value added to Tree = 129
2022-10-21---createTree---FINE------+inside first loop. Value added to Tree = 33
2022-10-21---createTree---FINE------+inside first loop. Value added to Tree = 866
2022-10-21---createTree---FINE------+inside first loop. Value added to Tree = 32
2022-10-21---createTree---FINE------+inside first loop. Value added to Tree = 664
2022-10-21---inOrderTraverseTree---FINE------+Inserting value 32 at index 0
2022-10-21---inOrderTraverseTree---FINE------+Inserting value 33 at index 1
2022-10-21---inOrderTraverseTree---FINE------+Inserting value 129 at index 2
2022-10-21---inOrderTraverseTree---FINE------+Inserting value 129 at index 3
2022-10-21---inOrderTraverseTree---FINE------+Inserting value 664 at index 4
2022-10-21---inOrderTraverseTree---FINE------+Inserting value 866 at index 5
2022-10-21---sortArray---INFO---the sortarray method has run
2022-10-21---createTree---FINE------+inside first loop. Value added to Tree = 576
2022-10-21---createTree---FINE------+inside first loop. Value added to Tree = 265
2022-10-21---createTree---FINE------+inside first loop. Value added to Tree = 385
2022-10-21---createTree---FINE------+inside first loop. Value added to Tree = 723
2022-10-21---createTree---FINE------+inside first loop. Value added to Tree = 735
2022-10-21---inOrderTraverseTree---FINE------+Inserting value 265 at index 0
2022-10-21---inOrderTraverseTree---FINE------+Inserting value 385 at index 1
2022-10-21---inOrderTraverseTree---FINE------+Inserting value 576 at index 2
2022-10-21---inOrderTraverseTree---FINE------+Inserting value 576 at index 3
2022-10-21---inOrderTraverseTree---FINE------+Inserting value 723 at index 4
2022-10-21---sortArray---INFO---the sortarray method has run
2022-10-21---createTree---FINE------+inside first loop. Value added to Tree = 96
2022-10-21---createTree---FINE------+inside first loop. Value added to Tree = 685
2022-10-21---createTree---FINE------+inside first loop. Value added to Tree = 732
2022-10-21---createTree---FINE------+inside first loop. Value added to Tree = 750
2022-10-21---createTree---FINE------+inside first loop. Value added to Tree = 772
2022-10-21---inOrderTraverseTree---FINE------+Inserting value 96 at index 0
2022-10-21---inOrderTraverseTree---FINE------+Inserting value 96 at index 1
2022-10-21---inOrderTraverseTree---FINE------+Inserting value 685 at index 2
2022-10-21---inOrderTraverseTree---FINE------+Inserting value 732 at index 3
2022-10-21---inOrderTraverseTree---FINE------+Inserting value 750 at index 4
2022-10-21---inOrderTraverseTree---FINE------+Inserting value 772 at index 5
2022-10-21---sortArray---INFO---the sortarray method has run
2022-10-21---createTree---FINE------+inside first loop. Value added to Tree = 636
2022-10-21---createTree---FINE------+inside first loop. Value added to Tree = 319
2022-10-21---createTree---FINE------+inside first loop. Value added to Tree = 346
2022-10-21---createTree---FINE------+inside first loop. Value added to Tree = 297
2022-10-21---createTree---FINE------+inside first loop. Value added to Tree = 604
2022-10-21---inOrderTraverseTree---FINE------+Inserting value 297 at index 0
2022-10-21---inOrderTraverseTree---FINE------+Inserting value 319 at index 1
2022-10-21---inOrderTraverseTree---FINE------+Inserting value 346 at index 2
2022-10-21---inOrderTraverseTree---FINE------+Inserting value 604 at index 3
2022-10-21---inOrderTraverseTree---FINE------+Inserting value 636 at index 4
2022-10-21---sortArray---INFO---the sortarray method has run
2022-10-21---createTree---FINE------+inside first loop. Value added to Tree = 625
2022-10-21---createTree---FINE------+inside first loop. Value added to Tree = 841
2022-10-21---createTree---FINE------+inside first loop. Value added to Tree = 48
2022-10-21---createTree---FINE------+inside first loop. Value added to Tree = 110
2022-10-21---createTree---FINE------+inside first loop. Value added to Tree = 43
2022-10-21---createTree---FINE------+inside first loop. Value added to Tree = 934
2022-10-21---createTree---FINE------+inside first loop. Value added to Tree = 227
2022-10-21---createTree---FINE------+inside first loop. Value added to Tree = 39
2022-10-21---createTree---FINE------+inside first loop. Value added to Tree = 429
2022-10-21---createTree---FINE------+inside first loop. Value added to Tree = 968
2022-10-21---inOrderTraverseTree---FINE------+Inserting value 39 at index 0
2022-10-21---inOrderTraverseTree---FINE------+Inserting value 43 at index 1
2022-10-21---inOrderTraverseTree---FINE------+Inserting value 48 at index 2
2022-10-21---inOrderTraverseTree---FINE------+Inserting value 110 at index 3
2022-10-21---inOrderTraverseTree---FINE------+Inserting value 227 at index 4
2022-10-21---inOrderTraverseTree---FINE------+Inserting value 429 at index 5
2022-10-21---inOrderTraverseTree---FINE------+Inserting value 625 at index 6
2022-10-21---inOrderTraverseTree---FINE------+Inserting value 625 at index 7
2022-10-21---inOrderTraverseTree---FINE------+Inserting value 841 at index 8
2022-10-21---inOrderTraverseTree---FINE------+Inserting value 934 at index 9
2022-10-21---sortArray---INFO---the sortarray method has run
2022-10-21---createTree---FINE------+inside first loop. Value added to Tree = 286
2022-10-21---createTree---FINE------+inside first loop. Value added to Tree = 151
2022-10-21---createTree---FINE------+inside first loop. Value added to Tree = 808
2022-10-21---createTree---FINE------+inside first loop. Value added to Tree = 770
2022-10-21---createTree---FINE------+inside first loop. Value added to Tree = 315
2022-10-21---inOrderTraverseTree---FINE------+Inserting value 151 at index 0
2022-10-21---inOrderTraverseTree---FINE------+Inserting value 286 at index 1
2022-10-21---inOrderTraverseTree---FINE------+Inserting value 286 at index 2
2022-10-21---inOrderTraverseTree---FINE------+Inserting value 315 at index 3
2022-10-21---inOrderTraverseTree---FINE------+Inserting value 770 at index 4
2022-10-21---inOrderTraverseTree---FINE------+Inserting value 808 at index 5
2022-10-21---sortArray---INFO---the sortarray method has run
2022-10-21---createTree---FINE------+inside first loop. Value added to Tree = 661
2022-10-21---createTree---FINE------+inside first loop. Value added to Tree = 961
2022-10-21---createTree---FINE------+inside first loop. Value added to Tree = 764
2022-10-21---createTree---FINE------+inside first loop. Value added to Tree = 346
2022-10-21---createTree---FINE------+inside first loop. Value added to Tree = 737
2022-10-21---inOrderTraverseTree---FINE------+Inserting value 346 at index 0
2022-10-21---inOrderTraverseTree---FINE------+Inserting value 661 at index 1
2022-10-21---inOrderTraverseTree---FINE------+Inserting value 661 at index 2
2022-10-21---inOrderTraverseTree---FINE------+Inserting value 737 at index 3
2022-10-21---inOrderTraverseTree---FINE------+Inserting value 764 at index 4
2022-10-21---inOrderTraverseTree---FINE------+Inserting value 961 at index 5
2022-10-21---sortArray---INFO---the sortarray method has run
2022-10-21---createTree---FINE------+inside first loop. Value added to Tree = 588
2022-10-21---createTree---FINE------+inside first loop. Value added to Tree = 381
2022-10-21---createTree---FINE------+inside first loop. Value added to Tree = 213
2022-10-21---createTree---FINE------+inside first loop. Value added to Tree = 890
2022-10-21---createTree---FINE------+inside first loop. Value added to Tree = 569
2022-10-21---inOrderTraverseTree---FINE------+Inserting value 213 at index 0
2022-10-21---inOrderTraverseTree---FINE------+Inserting value 381 at index 1
2022-10-21---inOrderTraverseTree---FINE------+Inserting value 569 at index 2
2022-10-21---inOrderTraverseTree---FINE------+Inserting value 588 at index 3
2022-10-21---inOrderTraverseTree---FINE------+Inserting value 588 at index 4
2022-10-21---sortArray---INFO---the sortarray method has run
2022-10-21---createTree---FINE------+inside first loop. Value added to Tree = 248
2022-10-21---createTree---FINE------+inside first loop. Value added to Tree = 94
2022-10-21---createTree---FINE------+inside first loop. Value added to Tree = 854
2022-10-21---createTree---FINE------+inside first loop. Value added to Tree = 468
2022-10-21---createTree---FINE------+inside first loop. Value added to Tree = 244
2022-10-21---inOrderTraverseTree---FINE------+Inserting value 94 at index 0
2022-10-21---inOrderTraverseTree---FINE------+Inserting value 244 at index 1
2022-10-21---inOrderTraverseTree---FINE------+Inserting value 248 at index 2
2022-10-21---inOrderTraverseTree---FINE------+Inserting value 248 at index 3
2022-10-21---inOrderTraverseTree---FINE------+Inserting value 468 at index 4
2022-10-21---inOrderTraverseTree---FINE------+Inserting value 854 at index 5
2022-10-21---sortArray---INFO---the sortarray method has run
2022-10-21---inOrderTraverseTree---FINE------+Inserting value 0 at index 0
2022-10-21---sortArray---INFO---the sortarray method has run
2022-10-21---inOrderTraverseTree---FINE------+Inserting value 0 at index 0
2022-10-21---sortArray---INFO---the sortarray method has run
2022-10-21---createTree---FINE------+inside first loop. Value added to Tree = 180
2022-10-21---createTree---FINE------+inside first loop. Value added to Tree = 734
2022-10-21---createTree---FINE------+inside first loop. Value added to Tree = 217
2022-10-21---createTree---FINE------+inside first loop. Value added to Tree = 40
2022-10-21---inOrderTraverseTree---FINE------+Inserting value 40 at index 0
2022-10-21---inOrderTraverseTree---FINE------+Inserting value 180 at index 1
2022-10-21---inOrderTraverseTree---FINE------+Inserting value 217 at index 2
2022-10-21---inOrderTraverseTree---FINE------+Inserting value 734 at index 3
2022-10-21---inOrderTraverseTree---FINE------+Inserting value 989 at index 4
2022-10-21---sortArray---INFO---the sortarray method has run
2022-10-21---createTree---FINE------+inside first loop. Value added to Tree = 868
2022-10-21---createTree---FINE------+inside first loop. Value added to Tree = 162
2022-10-21---createTree---FINE------+inside first loop. Value added to Tree = 667
2022-10-21---createTree---FINE------+inside first loop. Value added to Tree = 538
2022-10-21---createTree---FINE------+inside first loop. Value added to Tree = 256
2022-10-21---createTree---FINE------+inside first loop. Value added to Tree = 502
2022-10-21---createTree---FINE------+inside first loop. Value added to Tree = 216
2022-10-21---createTree---FINE------+inside first loop. Value added to Tree = 17
2022-10-21---createTree---FINE------+inside first loop. Value added to Tree = 65
2022-10-21---inOrderTraverseTree---FINE------+Inserting value 17 at index 0
2022-10-21---inOrderTraverseTree---FINE------+Inserting value 65 at index 1
2022-10-21---inOrderTraverseTree---FINE------+Inserting value 162 at index 2
2022-10-21---inOrderTraverseTree---FINE------+Inserting value 216 at index 3
2022-10-21---inOrderTraverseTree---FINE------+Inserting value 256 at index 4
2022-10-21---inOrderTraverseTree---FINE------+Inserting value 502 at index 5
2022-10-21---inOrderTraverseTree---FINE------+Inserting value 538 at index 6
2022-10-21---inOrderTraverseTree---FINE------+Inserting value 667 at index 7
2022-10-21---inOrderTraverseTree---FINE------+Inserting value 841 at index 8
2022-10-21---inOrderTraverseTree---FINE------+Inserting value 868 at index 9
2022-10-21---sortArray---INFO---the sortarray method has run
2022-10-21---sortArray---INFO---the sortarray method has run
2022-10-21---createTree---FINE------+inside first loop. Value added to Tree = -2
2022-10-21---createTree---FINE------+inside first loop. Value added to Tree = -94
2022-10-21---createTree---FINE------+inside first loop. Value added to Tree = 4
2022-10-21---inOrderTraverseTree---FINE------+Inserting value -94 at index 0
2022-10-21---inOrderTraverseTree---FINE------+Inserting value -11 at index 1
2022-10-21---inOrderTraverseTree---FINE------+Inserting value -2 at index 2
2022-10-21---inOrderTraverseTree---FINE------+Inserting value 4 at index 3
2022-10-21---sortArray---INFO---the sortarray method has run
2022-10-21---createTree---FINE------+inside first loop. Value added to Tree = -2
2022-10-21---createTree---FINE------+inside first loop. Value added to Tree = -94
2022-10-21---createTree---FINE------+inside first loop. Value added to Tree = 4
2022-10-21---inOrderTraverseTree---FINE------+Inserting value -94 at index 0
2022-10-21---inOrderTraverseTree---FINE------+Inserting value -11 at index 1
2022-10-21---inOrderTraverseTree---FINE------+Inserting value -2 at index 2
2022-10-21---inOrderTraverseTree---FINE------+Inserting value 4 at index 3
2022-10-21---sortArray---INFO---the sortarray method has run
2022-10-21---createTree---FINE------+inside first loop. Value added to Tree = 2
2022-10-21---createTree---FINE------+inside first loop. Value added to Tree = 3
2022-10-21---createTree---FINE------+inside first loop. Value added to Tree = 4
2022-10-21---inOrderTraverseTree---FINE------+Inserting value 1 at index 0
2022-10-21---inOrderTraverseTree---FINE------+Inserting value 2 at index 1
2022-10-21---inOrderTraverseTree---FINE------+Inserting value 3 at index 2
2022-10-21---inOrderTraverseTree---FINE------+Inserting value 4 at index 3
2022-10-21---sortArray---INFO---the sortarray method has run
2022-10-21---createTree---FINE------+inside first loop. Value added to Tree = 3
2022-10-21---createTree---FINE------+inside first loop. Value added to Tree = 9
2022-10-21---createTree---FINE------+inside first loop. Value added to Tree = 0
2022-10-21---createTree---FINE------+inside first loop. Value added to Tree = 1
2022-10-21---inOrderTraverseTree---FINE------+Inserting value 0 at index 0
2022-10-21---inOrderTraverseTree---FINE------+Inserting value 1 at index 1
2022-10-21---inOrderTraverseTree---FINE------+Inserting value 3 at index 2
2022-10-21---inOrderTraverseTree---FINE------+Inserting value 6 at index 3
2022-10-21---inOrderTraverseTree---FINE------+Inserting value 9 at index 4
2022-10-21---sortArray---INFO---the sortarray method has run
2022-10-21---createTree---FINE------+inside first loop. Value added to Tree = 27
2022-10-21---createTree---FINE------+inside first loop. Value added to Tree = 100
2022-10-21---createTree---FINE------+inside first loop. Value added to Tree = 43
2022-10-21---createTree---FINE------+inside first loop. Value added to Tree = 45
2022-10-21---createTree---FINE------+inside first loop. Value added to Tree = 73
2022-10-21---createTree---FINE------+inside first loop. Value added to Tree = 23
2022-10-21---createTree---FINE------+inside first loop. Value added to Tree = 81
2022-10-21---createTree---FINE------+inside first loop. Value added to Tree = 35
2022-10-21---createTree---FINE------+inside first loop. Value added to Tree = 73
2022-10-21---inOrderTraverseTree---FINE------+Inserting value 23 at index 0
2022-10-21---inOrderTraverseTree---FINE------+Inserting value 27 at index 1
2022-10-21---inOrderTraverseTree---FINE------+Inserting value 35 at index 2
2022-10-21---inOrderTraverseTree---FINE------+Inserting value 43 at index 3
2022-10-21---inOrderTraverseTree---FINE------+Inserting value 45 at index 4
2022-10-21---inOrderTraverseTree---FINE------+Inserting value 57 at index 5
2022-10-21---inOrderTraverseTree---FINE------+Inserting value 73 at index 6
2022-10-21---inOrderTraverseTree---FINE------+Inserting value 73 at index 7
2022-10-21---inOrderTraverseTree---FINE------+Inserting value 81 at index 8
2022-10-21---inOrderTraverseTree---FINE------+Inserting value 100 at index 9
2022-10-21---sortArray---INFO---the sortarray method has run
2022-10-21---sortArray---INFO---the sortarray method has run
2022-10-21---createTree---FINE------+inside first loop. Value added to Tree = 83
2022-10-21---createTree---FINE------+inside first loop. Value added to Tree = 73
2022-10-21---createTree---FINE------+inside first loop. Value added to Tree = 25
2022-10-21---createTree---FINE------+inside first loop. Value added to Tree = 51
2022-10-21---createTree---FINE------+inside first loop. Value added to Tree = 58
2022-10-21---createTree---FINE------+inside first loop. Value added to Tree = 60
2022-10-21---createTree---FINE------+inside first loop. Value added to Tree = 88
2022-10-21---createTree---FINE------+inside first loop. Value added to Tree = 65
2022-10-21---createTree---FINE------+inside first loop. Value added to Tree = 95
2022-10-21---inOrderTraverseTree---FINE------+Inserting value 6 at index 0
2022-10-21---inOrderTraverseTree---FINE------+Inserting value 25 at index 1
2022-10-21---inOrderTraverseTree---FINE------+Inserting value 51 at index 2
2022-10-21---inOrderTraverseTree---FINE------+Inserting value 58 at index 3
2022-10-21---inOrderTraverseTree---FINE------+Inserting value 60 at index 4
2022-10-21---inOrderTraverseTree---FINE------+Inserting value 65 at index 5
2022-10-21---inOrderTraverseTree---FINE------+Inserting value 73 at index 6
2022-10-21---inOrderTraverseTree---FINE------+Inserting value 83 at index 7
2022-10-21---inOrderTraverseTree---FINE------+Inserting value 88 at index 8
2022-10-21---inOrderTraverseTree---FINE------+Inserting value 95 at index 9
