2022-10-20---sortArray---FINE------+Iteration #0
2022-10-20---sortArray---FINER------++
Index #0
 #1 Element value = 684
 #2 Element value = 347
2022-10-20---swapped---INFO---SWAP MADE
2022-10-20---sortArray---FINER------++
Index #1
 #1 Element value = 684
 #2 Element value = 626
2022-10-20---swapped---INFO---SWAP MADE
2022-10-20---sortArray---FINER------++
Index #2
 #1 Element value = 684
 #2 Element value = 892
2022-10-20---sortArray---FINER------++
Index #3
 #1 Element value = 892
 #2 Element value = 173
2022-10-20---swapped---INFO---SWAP MADE
2022-10-20---sortArray---FINE------+Iteration #1
2022-10-20---sortArray---FINER------++
Index #0
 #1 Element value = 347
 #2 Element value = 626
2022-10-20---sortArray---FINER------++
Index #1
 #1 Element value = 626
 #2 Element value = 684
2022-10-20---sortArray---FINER------++
Index #2
 #1 Element value = 684
 #2 Element value = 173
2022-10-20---swapped---INFO---SWAP MADE
2022-10-20---sortArray---FINE------+Iteration #2
2022-10-20---sortArray---FINER------++
Index #0
 #1 Element value = 347
 #2 Element value = 626
2022-10-20---sortArray---FINER------++
Index #1
 #1 Element value = 626
 #2 Element value = 173
2022-10-20---swapped---INFO---SWAP MADE
2022-10-20---sortArray---FINE------+Iteration #3
2022-10-20---sortArray---FINER------++
Index #0
 #1 Element value = 347
 #2 Element value = 173
2022-10-20---swapped---INFO---SWAP MADE
